<?xml version="1.0" encoding="UTF-8"?>
<testsuite xmlns:xsi="http://www.w3.org/2001/XMLSchema-instance" xsi:noNamespaceSchemaLocation="https://maven.apache.org/surefire/maven-surefire-plugin/xsd/surefire-test-report-3.0.xsd" version="3.0" name="com.example.AppTest" time="0.117" tests="3" errors="0" skipped="0" failures="0">
  <properties>
[...]
</properties>
  <testcase name="testObtenerTransacciones" classname="com.example.AppTest" time="0.041"/>
  <testcase name="testLeerArchivo" classname="com.example.AppTest" time="0.011"/>
  <testcase name="testGenerarExtracto" classname="com.example.AppTest" time="0.023">
    <system-out><![CDATA[📂 Intentando escribir en: /workspaces/BuildSolutions/maven-banking/target/extractos/extracto_juan_jose_urosario_edu_co.txt
✅ Extracto generado en: /workspaces/BuildSolutions/maven-banking/target/extractos/extracto_juan_jose_urosario_edu_co.txt
]]></system-out>
  </testcase>
</testsuite>